build/app/intermediates/manifest_merge_blame_file/debug/manifest-merger-blame-debug-report.txt
1<?xml version="1.0" encoding="utf-8"?>
2<manifest xmlns:android="http://schemas.android.com/apk/res/android"
3    package="com.multiple_polyline"
4    android:versionCode="1"
5    android:versionName="1.0.0" >
6
7    <uses-sdk
8        android:minSdkVersion="16"
9        android:targetSdkVersion="30" />
10    <!--
11         Flutter needs it to communicate with the running application
12         to allow setting breakpoints, to provide hot reload, etc.
13    -->
14    <uses-permission android:name="android.permission.INTERNET" />
14-->src/debug/AndroidManifest.xml:6:5-66
14-->src/debug/AndroidManifest.xml:6:22-64
15    <uses-permission android:name="android.permission.ACCESS_COARSE_LOCATION" />
15-->[:location] AndroidManifest.xml:7:5-81
15-->[:location] AndroidManifest.xml:7:22-78
16    <uses-permission android:name="android.permission.ACCESS_FINE_LOCATION" /> <!-- Include required permissions for Google Maps API to run. -->
16-->[:location] AndroidManifest.xml:8:5-79
16-->[:location] AndroidManifest.xml:8:22-76
17    <uses-permission android:name="android.permission.ACCESS_NETWORK_STATE" />
17-->[com.google.android.gms:play-services-maps:17.0.0] AndroidManifest.xml:23:5-79
17-->[com.google.android.gms:play-services-maps:17.0.0] AndroidManifest.xml:23:22-76
18
19    <uses-feature
19-->[com.google.android.gms:play-services-maps:17.0.0] AndroidManifest.xml:26:5-28:35
20        android:glEsVersion="0x00020000"
20-->[com.google.android.gms:play-services-maps:17.0.0] AndroidManifest.xml:27:9-41
21        android:required="true" />
21-->[com.google.android.gms:play-services-maps:17.0.0] AndroidManifest.xml:28:9-32
22
23    <application
23-->src/main/AndroidManifest.xml:3:4-36:19
24        android:name="androidx.multidex.MultiDexApplication"
25        android:appComponentFactory="androidx.core.app.CoreComponentFactory"
25-->[androidx.core:core:1.1.0] AndroidManifest.xml:24:18-86
26        android:debuggable="true"
27        android:icon="@mipmap/ic_launcher"
27-->src/main/AndroidManifest.xml:5:9-43
28        android:label="multiple_polyline" >
28-->src/main/AndroidManifest.xml:4:9-42
29        <meta-data
29-->src/main/AndroidManifest.xml:6:8-7:69
30            android:name="com.google.android.geo.API_KEY"
30-->src/main/AndroidManifest.xml:6:19-64
31            android:value="AIzaSyDVvhjo0M89EhqmPgmswuT_pb8yFhIPtfA" />
31-->src/main/AndroidManifest.xml:7:12-67
32
33        <uses-library
33-->src/main/AndroidManifest.xml:8:8-86
34            android:name="org.apache.http.legacy"
34-->src/main/AndroidManifest.xml:8:22-59
35            android:required="false" />
35-->src/main/AndroidManifest.xml:8:60-84
36
37        <activity
37-->src/main/AndroidManifest.xml:10:8-31:20
38            android:name="com.multiple_polyline.MainActivity"
38-->src/main/AndroidManifest.xml:11:13-41
39            android:configChanges="orientation|keyboardHidden|keyboard|screenSize|smallestScreenSize|locale|layoutDirection|fontScale|screenLayout|density|uiMode"
39-->src/main/AndroidManifest.xml:14:13-163
40            android:hardwareAccelerated="true"
40-->src/main/AndroidManifest.xml:15:13-47
41            android:launchMode="singleTop"
41-->src/main/AndroidManifest.xml:12:13-43
42            android:theme="@style/LaunchTheme"
42-->src/main/AndroidManifest.xml:13:13-47
43            android:windowSoftInputMode="adjustResize" >
43-->src/main/AndroidManifest.xml:16:13-55
44            <meta-data
44-->src/main/AndroidManifest.xml:18:13-21:17
45                android:name="io.flutter.embedding.android.NormalTheme"
45-->src/main/AndroidManifest.xml:19:15-70
46                android:resource="@style/NormalTheme" />
46-->src/main/AndroidManifest.xml:20:15-52
47            <meta-data
47-->src/main/AndroidManifest.xml:23:13-26:17
48                android:name="io.flutter.embedding.android.SplashScreenDrawable"
48-->src/main/AndroidManifest.xml:24:15-79
49                android:resource="@drawable/launch_background" />
49-->src/main/AndroidManifest.xml:25:15-61
50
51            <intent-filter>
51-->src/main/AndroidManifest.xml:27:13-30:29
52                <action android:name="android.intent.action.MAIN" />
52-->src/main/AndroidManifest.xml:28:17-68
52-->src/main/AndroidManifest.xml:28:25-66
53
54                <category android:name="android.intent.category.LAUNCHER" />
54-->src/main/AndroidManifest.xml:29:17-76
54-->src/main/AndroidManifest.xml:29:27-74
55            </intent-filter>
56        </activity>
57
58        <meta-data
58-->src/main/AndroidManifest.xml:33:9-35:33
59            android:name="flutterEmbedding"
59-->src/main/AndroidManifest.xml:34:13-44
60            android:value="2" />
60-->src/main/AndroidManifest.xml:35:13-30
61
62        <activity
62-->[com.google.android.gms:play-services-base:17.0.0] AndroidManifest.xml:23:9-26:75
63            android:name="com.google.android.gms.common.api.GoogleApiActivity"
63-->[com.google.android.gms:play-services-base:17.0.0] AndroidManifest.xml:24:13-79
64            android:exported="false"
64-->[com.google.android.gms:play-services-base:17.0.0] AndroidManifest.xml:25:13-37
65            android:theme="@android:style/Theme.Translucent.NoTitleBar" />
65-->[com.google.android.gms:play-services-base:17.0.0] AndroidManifest.xml:26:13-72
66
67        <meta-data
67-->[com.google.android.gms:play-services-basement:17.0.0] AndroidManifest.xml:23:9-25:69
68            android:name="com.google.android.gms.version"
68-->[com.google.android.gms:play-services-basement:17.0.0] AndroidManifest.xml:24:13-58
69            android:value="@integer/google_play_services_version" />
69-->[com.google.android.gms:play-services-basement:17.0.0] AndroidManifest.xml:25:13-66
70    </application>
71
72</manifest>